Traceback (most recent call last):
  File "C:\Users\Saeid Haji-Aghajany\anaconda3\Lib\site-packages\jupyter_cache\executors\utils.py", line 58, in single_nb_execution
    executenb(
  File "C:\Users\Saeid Haji-Aghajany\anaconda3\Lib\site-packages\nbclient\client.py", line 1305, in execute
    return NotebookClient(nb=nb, resources=resources, km=km, **kwargs).execute()
           ^^^^^^^^^^^^^^^^^^^^^^^^^^^^^^^^^^^^^^^^^^^^^^^^^^^^^^^^^^^^^^^^^^^^^
  File "C:\Users\Saeid Haji-Aghajany\AppData\Roaming\Python\Python311\site-packages\jupyter_core\utils\__init__.py", line 165, in wrapped
    return loop.run_until_complete(inner)
           ^^^^^^^^^^^^^^^^^^^^^^^^^^^^^^
  File "C:\Users\Saeid Haji-Aghajany\anaconda3\Lib\asyncio\base_events.py", line 653, in run_until_complete
    return future.result()
           ^^^^^^^^^^^^^^^
  File "C:\Users\Saeid Haji-Aghajany\anaconda3\Lib\site-packages\nbclient\client.py", line 705, in async_execute
    await self.async_execute_cell(
  File "C:\Users\Saeid Haji-Aghajany\anaconda3\Lib\site-packages\nbclient\client.py", line 1058, in async_execute_cell
    await self._check_raise_for_error(cell, cell_index, exec_reply)
  File "C:\Users\Saeid Haji-Aghajany\anaconda3\Lib\site-packages\nbclient\client.py", line 914, in _check_raise_for_error
    raise CellExecutionError.from_cell_and_msg(cell, exec_reply_content)
nbclient.exceptions.CellExecutionError: An error occurred while executing the following cell:
------------------
def my_function():
    print("Hello, AI!")
my_function()
    



def countdown(start):
    while start >= 0:
        print(start)
        start -= 1
countdown(5) 



    
def factorial(n):
    if n < 0:
        return "Factorial is not defined for negative numbers."
    result = 1
    while n > 1:
        result *= n
        n -= 1
    return result
print(f"The average of the entered numbers is: {factorial(5)}")





def calculate_average():
    total = 0
    count = 0
    while True:
        user_input = input("Enter a number to include in the average (or 'done' to finish): ")
        if user_input.lower() == 'done':
            break
        try:
            number = float(user_input)
            total += number
            count += 1
        except ValueError:
            print("Invalid input. Please enter a numeric value.")
    
    if count == 0:
        return "No numbers were entered."
    
    average = total / count
    return f"The average of the entered numbers is: {average}"
print(calculate_average())

------------------

----- stdout -----
Hello, AI!
5
4
3
2
1
0
The average of the entered numbers is: 120
------------------

[1;31m---------------------------------------------------------------------------[0m
[1;31mStdinNotImplementedError[0m                  Traceback (most recent call last)
Cell [1;32mIn[1], line 50[0m
[0;32m     48[0m     average [38;5;241m=[39m total [38;5;241m/[39m count
[0;32m     49[0m     [38;5;28;01mreturn[39;00m [38;5;124mf[39m[38;5;124m"[39m[38;5;124mThe average of the entered numbers is: [39m[38;5;132;01m{[39;00maverage[38;5;132;01m}[39;00m[38;5;124m"[39m
[1;32m---> 50[0m [38;5;28mprint[39m(calculate_average())

Cell [1;32mIn[1], line 35[0m, in [0;36mcalculate_average[1;34m()[0m
[0;32m     33[0m count [38;5;241m=[39m [38;5;241m0[39m
[0;32m     34[0m [38;5;28;01mwhile[39;00m [38;5;28;01mTrue[39;00m:
[1;32m---> 35[0m     user_input [38;5;241m=[39m [38;5;28minput[39m([38;5;124m"[39m[38;5;124mEnter a number to include in the average (or [39m[38;5;124m'[39m[38;5;124mdone[39m[38;5;124m'[39m[38;5;124m to finish): [39m[38;5;124m"[39m)
[0;32m     36[0m     [38;5;28;01mif[39;00m user_input[38;5;241m.[39mlower() [38;5;241m==[39m [38;5;124m'[39m[38;5;124mdone[39m[38;5;124m'[39m:
[0;32m     37[0m         [38;5;28;01mbreak[39;00m

File [1;32m~\AppData\Roaming\Python\Python311\site-packages\ipykernel\kernelbase.py:1281[0m, in [0;36mKernel.raw_input[1;34m(self, prompt)[0m
[0;32m   1279[0m [38;5;28;01mif[39;00m [38;5;129;01mnot[39;00m [38;5;28mself[39m[38;5;241m.[39m_allow_stdin:
[0;32m   1280[0m     msg [38;5;241m=[39m [38;5;124m"[39m[38;5;124mraw_input was called, but this frontend does not support input requests.[39m[38;5;124m"[39m
[1;32m-> 1281[0m     [38;5;28;01mraise[39;00m StdinNotImplementedError(msg)
[0;32m   1282[0m [38;5;28;01mreturn[39;00m [38;5;28mself[39m[38;5;241m.[39m_input_request(
[0;32m   1283[0m     [38;5;28mstr[39m(prompt),
[0;32m   1284[0m     [38;5;28mself[39m[38;5;241m.[39m_parent_ident[[38;5;124m"[39m[38;5;124mshell[39m[38;5;124m"[39m],
[0;32m   1285[0m     [38;5;28mself[39m[38;5;241m.[39mget_parent([38;5;124m"[39m[38;5;124mshell[39m[38;5;124m"[39m),
[0;32m   1286[0m     password[38;5;241m=[39m[38;5;28;01mFalse[39;00m,
[0;32m   1287[0m )

[1;31mStdinNotImplementedError[0m: raw_input was called, but this frontend does not support input requests.

